# Logfile created on 2014-01-02 21:12:57 +0100 by logger.rb/41954
I, [2014-01-02T21:12:57.817188 #4883]  INFO -- : 0:  rake (10.1.0) from /home/nasarek/.rbenv/versions/2.0.0-p353/lib/ruby/gems/2.0.0/specifications/rake-10.1.0.gemspec
I, [2014-01-02T21:12:58.860256 #4883]  INFO -- : 0:  i18n (0.6.9) from /home/nasarek/.rbenv/versions/2.0.0-p353/lib/ruby/gems/2.0.0/specifications/i18n-0.6.9.gemspec
I, [2014-01-02T21:12:59.661772 #4883]  INFO -- : 0:  multi_json (1.8.2) from /home/nasarek/.rbenv/versions/2.0.0-p353/lib/ruby/gems/2.0.0/specifications/multi_json-1.8.2.gemspec
I, [2014-01-02T21:13:01.300858 #4883]  INFO -- : 0:  activesupport (3.2.9) from /home/nasarek/.rbenv/versions/2.0.0-p353/lib/ruby/gems/2.0.0/specifications/activesupport-3.2.9.gemspec
I, [2014-01-02T21:13:02.113500 #4883]  INFO -- : 0:  builder (3.0.4) from /home/nasarek/.rbenv/versions/2.0.0-p353/lib/ruby/gems/2.0.0/specifications/builder-3.0.4.gemspec
I, [2014-01-02T21:13:03.026064 #4883]  INFO -- : 0:  activemodel (3.2.9) from /home/nasarek/.rbenv/versions/2.0.0-p353/lib/ruby/gems/2.0.0/specifications/activemodel-3.2.9.gemspec
I, [2014-01-02T21:13:05.009172 #4883]  INFO -- : 0:  arel (3.0.3) from /home/nasarek/.rbenv/versions/2.0.0-p353/lib/ruby/gems/2.0.0/specifications/arel-3.0.3.gemspec
I, [2014-01-02T21:13:07.393475 #4883]  INFO -- : 0:  tzinfo (0.3.38) from /home/nasarek/.rbenv/versions/2.0.0-p353/lib/ruby/gems/2.0.0/specifications/tzinfo-0.3.38.gemspec
I, [2014-01-02T21:13:08.930195 #4883]  INFO -- : 0:  activerecord (3.2.9) from /home/nasarek/.rbenv/versions/2.0.0-p353/lib/ruby/gems/2.0.0/specifications/activerecord-3.2.9.gemspec
I, [2014-01-02T21:13:09.754369 #4883]  INFO -- : 0:  daemons (1.1.9) from /home/nasarek/.rbenv/versions/2.0.0-p353/lib/ruby/gems/2.0.0/specifications/daemons-1.1.9.gemspec
I, [2014-01-02T21:13:10.667589 #4883]  INFO -- : 0:  diff-lcs (1.2.5) from /home/nasarek/.rbenv/versions/2.0.0-p353/lib/ruby/gems/2.0.0/specifications/diff-lcs-1.2.5.gemspec
I, [2014-01-02T21:13:52.796451 #4883]  INFO -- : 0:  eventmachine (1.0.3) from /home/nasarek/.rbenv/versions/2.0.0-p353/lib/ruby/gems/2.0.0/specifications/eventmachine-1.0.3.gemspec
I, [2014-01-02T21:13:54.925678 #4883]  INFO -- : 0:  haml (3.1.7) from /home/nasarek/.rbenv/versions/2.0.0-p353/lib/ruby/gems/2.0.0/specifications/haml-3.1.7.gemspec
I, [2014-01-02T21:13:55.904753 #4883]  INFO -- : 0:  mime-types (1.25.1) from /home/nasarek/.rbenv/versions/2.0.0-p353/lib/ruby/gems/2.0.0/specifications/mime-types-1.25.1.gemspec
I, [2014-01-02T21:13:56.606162 #4883]  INFO -- : 0:  polyglot (0.3.3) from /home/nasarek/.rbenv/versions/2.0.0-p353/lib/ruby/gems/2.0.0/specifications/polyglot-0.3.3.gemspec
I, [2014-01-02T21:13:57.699560 #4883]  INFO -- : 0:  treetop (1.4.15) from /home/nasarek/.rbenv/versions/2.0.0-p353/lib/ruby/gems/2.0.0/specifications/treetop-1.4.15.gemspec
I, [2014-01-02T21:13:59.313089 #4883]  INFO -- : 0:  mail (2.5.4) from /home/nasarek/.rbenv/versions/2.0.0-p353/lib/ruby/gems/2.0.0/specifications/mail-2.5.4.gemspec
I, [2014-01-02T21:14:00.080999 #4883]  INFO -- : 0:  pony (1.5) from /home/nasarek/.rbenv/versions/2.0.0-p353/lib/ruby/gems/2.0.0/specifications/pony-1.5.gemspec
I, [2014-01-02T21:14:02.029564 #4883]  INFO -- : 0:  rack (1.5.2) from /home/nasarek/.rbenv/versions/2.0.0-p353/lib/ruby/gems/2.0.0/specifications/rack-1.5.2.gemspec
I, [2014-01-02T21:14:03.119717 #4883]  INFO -- : 0:  rack-protection (1.5.1) from /home/nasarek/.rbenv/versions/2.0.0-p353/lib/ruby/gems/2.0.0/specifications/rack-protection-1.5.1.gemspec
I, [2014-01-02T21:14:04.848267 #4883]  INFO -- : 0:  rspec-core (2.14.7) from /home/nasarek/.rbenv/versions/2.0.0-p353/lib/ruby/gems/2.0.0/specifications/rspec-core-2.14.7.gemspec
I, [2014-01-02T21:14:06.039698 #4883]  INFO -- : 0:  rspec-expectations (2.14.4) from /home/nasarek/.rbenv/versions/2.0.0-p353/lib/ruby/gems/2.0.0/specifications/rspec-expectations-2.14.4.gemspec
I, [2014-01-02T21:14:07.243062 #4883]  INFO -- : 0:  rspec-mocks (2.14.4) from /home/nasarek/.rbenv/versions/2.0.0-p353/lib/ruby/gems/2.0.0/specifications/rspec-mocks-2.14.4.gemspec
I, [2014-01-02T21:14:07.999330 #4883]  INFO -- : 0:  rspec (2.14.0) from /home/nasarek/.rbenv/versions/2.0.0-p353/lib/ruby/gems/2.0.0/specifications/rspec-2.14.0.gemspec
I, [2014-01-02T21:14:09.014318 #4883]  INFO -- : 0:  tilt (1.4.1) from /home/nasarek/.rbenv/versions/2.0.0-p353/lib/ruby/gems/2.0.0/specifications/tilt-1.4.1.gemspec
I, [2014-01-02T21:14:10.761137 #4883]  INFO -- : 0:  sinatra (1.4.3) from /home/nasarek/.rbenv/versions/2.0.0-p353/lib/ruby/gems/2.0.0/specifications/sinatra-1.4.3.gemspec
I, [2014-01-02T21:14:24.655218 #4883]  INFO -- : 0:  sqlite3 (1.3.8) from /home/nasarek/.rbenv/versions/2.0.0-p353/lib/ruby/gems/2.0.0/specifications/sqlite3-1.3.8.gemspec
I, [2014-01-02T21:14:29.706211 #4883]  INFO -- : 0:  thin (1.5.0) from /home/nasarek/.rbenv/versions/2.0.0-p353/lib/ruby/gems/2.0.0/specifications/thin-1.5.0.gemspec
I, [2014-01-02T21:14:29.708684 #4883]  INFO -- : 0:  bundler (1.5.1) from /home/nasarek/.rbenv/versions/2.0.0-p353/lib/ruby/gems/2.0.0/specifications/bundler-1.5.1.gemspec
